#
# A fatal error has been detected by the Java Runtime Environment:
#
#  EXCEPTION_ACCESS_VIOLATION (0xc0000005) at pc=0x0b2923a4, pid=1032, tid=2824
#
# JRE version: 7.0_09-b05
# Java VM: Java HotSpot(TM) Client VM (23.5-b02 mixed mode, sharing windows-x86 )
# Problematic frame:
# C  [igldev32.dll+0x23a4]
#
# Failed to write core dump. Minidumps are not enabled by default on client versions of Windows
#
# If you would like to submit a bug report, please visit:
#   http://bugreport.sun.com/bugreport/crash.jsp
# The crash happened outside the Java Virtual Machine in native code.
# See problematic frame for where to report the bug.
#

---------------  T H R E A D  ---------------

Current thread (0x003c8800):  JavaThread "main" [_thread_in_native, id=2824, stack(0x00900000,0x00950000)]

siginfo: ExceptionCode=0xc0000005, writing address 0x00000000

Registers:
EAX=0x00000000, EBX=0x0019ab94, ECX=0x00000000, EDX=0x00000000
ESP=0x0094f988, EBP=0x00000380, ESI=0x00000340, EDI=0x176b3870
EIP=0x0b2923a4, EFLAGS=0x00010202

Top of Stack: (sp=0x0094f988)
0x0094f988:   00104940 00000048 0094fa64 001556e0
0x0094f998:   00104fc0 00000400 00000000 00104940
0x0094f9a8:   00000040 00000020 0b2936ec 00000048
0x0094f9b8:   00155ef0 00104590 00000064 00155ec0
0x0094f9c8:   00000000 00000012 00000260 00000300
0x0094f9d8:   00000020 00000020 00105dd0 00104fc0
0x0094f9e8:   00000000 7f1c0008 44800000 44400000
0x0094f9f8:   3f800000 00000000 44400000 3f800000 

Instructions: (pc=0x0b2923a4)
0x0b292384:   f8 8b c1 c1 e9 02 f3 a5 8b c8 8b 44 24 3c 83 e1
0x0b292394:   03 f3 a4 8b 4b 04 8b 11 eb 75 85 c9 74 27 8b 0b
0x0b2923a4:   66 c7 01 ff ff 8b 13 83 c2 02 6a 02 89 13 6a 00
0x0b2923b4:   ba 04 00 00 00 8b cb e8 d0 18 00 00 8b 03 c7 43 


Register to memory mapping:

EAX=0x00000000 is an unknown value
EBX=0x0019ab94 is an unknown value
ECX=0x00000000 is an unknown value
EDX=0x00000000 is an unknown value
ESP=0x0094f988 is pointing into the stack for thread: 0x003c8800
EBP=0x00000380 is an unknown value
ESI=0x00000340 is an unknown value
EDI=0x176b3870 is an unknown value


Stack: [0x00900000,0x00950000],  sp=0x0094f988,  free space=318k
Native frames: (J=compiled Java code, j=interpreted, Vv=VM code, C=native code)
C  [igldev32.dll+0x23a4]

[error occurred during error reporting (printing native stack), id 0xc0000005]

Java frames: (J=compiled Java code, j=interpreted, Vv=VM code)
j  org.lwjgl.opengl.GL11.nglClear(IJ)V+0
J  Game.renderScene()V
j  Game.run()V+16
j  Game.main([Ljava/lang/String;)V+9
v  ~StubRoutines::call_stub

---------------  P R O C E S S  ---------------

Java Threads: ( => current thread )
  0x02aa3800 JavaThread "Service Thread" daemon [_thread_blocked, id=2712, stack(0x02e30000,0x02e80000)]
  0x02a95800 JavaThread "C1 CompilerThread0" daemon [_thread_blocked, id=3020, stack(0x02de0000,0x02e30000)]
  0x02a93c00 JavaThread "Attach Listener" daemon [_thread_blocked, id=3320, stack(0x02d90000,0x02de0000)]
  0x02a92800 JavaThread "Signal Dispatcher" daemon [_thread_blocked, id=2800, stack(0x02d40000,0x02d90000)]
  0x02a84000 JavaThread "Finalizer" daemon [_thread_blocked, id=2948, stack(0x02cf0000,0x02d40000)]
  0x02a7f400 JavaThread "Reference Handler" daemon [_thread_blocked, id=1240, stack(0x02ca0000,0x02cf0000)]
=>0x003c8800 JavaThread "main" [_thread_in_native, id=2824, stack(0x00900000,0x00950000)]

Other Threads:
  0x02a7d800 VMThread [stack: 0x02c50000,0x02ca0000] [id=3288]
  0x02aa5800 WatcherThread [stack: 0x02e80000,0x02ed0000] [id=896]

VM state:not at safepoint (normal execution)

VM Mutex/Monitor currently owned by a thread: None

Heap
 def new generation   total 4928K, used 2860K [0x22af0000, 0x23040000, 0x28040000)
  eden space 4416K,  64% used [0x22af0000, 0x22dbac28, 0x22f40000)
  from space 512K,   0% used [0x22f40000, 0x22f40548, 0x22fc0000)
  to   space 512K,   0% used [0x22fc0000, 0x22fc0000, 0x23040000)
 tenured generation   total 10944K, used 1062K [0x28040000, 0x28af0000, 0x32af0000)
   the space 10944K,   9% used [0x28040000, 0x28149b58, 0x28149c00, 0x28af0000)
 compacting perm gen  total 12288K, used 911K [0x32af0000, 0x336f0000, 0x36af0000)
   the space 12288K,   7% used [0x32af0000, 0x32bd3d70, 0x32bd3e00, 0x336f0000)
    ro space 10240K,  42% used [0x36af0000, 0x36f30348, 0x36f30400, 0x374f0000)
    rw space 12288K,  54% used [0x374f0000, 0x37b706f0, 0x37b70800, 0x380f0000)

Card table byte_map: [0x02af0000,0x02ba0000] byte_map_base: 0x029da880

Polling page: 0x003f0000

Code Cache  [0x00970000, 0x00a38000, 0x02970000)
 total_blobs=308 nmethods=113 adapters=131 free_code_cache=31973Kb largest_free_block=32740736

Compilation events (10 events):
Event: 4.195 Thread 0x02a95800  107             org.lwjgl.util.vector.Vector::length (10 bytes)
Event: 4.195 Thread 0x02a95800 nmethod 107 0x00a35b08 code [0x00a35c10, 0x00a35cac]
Event: 4.195 Thread 0x02a95800  108             org.lwjgl.util.vector.Vector3f::scale (32 bytes)
Event: 4.195 Thread 0x02a95800 nmethod 108 0x00a35d08 code [0x00a35e00, 0x00a35eb0]
Event: 4.261 Thread 0x02a95800  109             org.lwjgl.MemoryUtilSun$AccessorUnsafe::getAddress (13 bytes)
Event: 4.261 Thread 0x02a95800 nmethod 109 0x00a361c8 code [0x00a362c0, 0x00a36360]
Event: 4.347 Thread 0x02a95800  111             java.lang.AbstractStringBuilder::append (48 bytes)
Event: 4.348 Thread 0x02a95800 nmethod 111 0x00a363c8 code [0x00a364e0, 0x00a36608]
Event: 5.149 Thread 0x02a95800  112   !         org.lwjgl.opengl.Display::isCreated (17 bytes)
Event: 5.150 Thread 0x02a95800 nmethod 112 0x00a36748 code [0x00a36840, 0x00a369d0]

GC Heap History (10 events):
Event: 4.069 GC heap before
{Heap before GC invocations=51 (full 0):
 def new generation   total 4928K, used 4417K [0x22af0000, 0x23040000, 0x28040000)
  eden space 4416K, 100% used [0x22af0000, 0x22f40000, 0x22f40000)
  from space 512K,   0% used [0x22fc0000, 0x22fc0598, 0x23040000)
  to   space 512K,   0% used [0x22f40000, 0x22f40000, 0x22fc0000)
 tenured generation   total 10944K, used 1062K [0x28040000, 0x28af0000, 0x32af0000)
   the space 10944K,   9% used [0x28040000, 0x28149ac0, 0x28149c00, 0x28af0000)
 compacting perm gen  total 12288K, used 904K [0x32af0000, 0x336f0000, 0x36af0000)
   the space 12288K,   7% used [0x32af0000, 0x32bd2270, 0x32bd2400, 0x336f0000)
    ro space 10240K,  42% used [0x36af0000, 0x36f30348, 0x36f30400, 0x374f0000)
    rw space 12288K,  54% used [0x374f0000, 0x37b706f0, 0x37b70800, 0x380f0000)
Event: 4.070 GC heap after
Heap after GC invocations=52 (full 0):
 def new generation   total 4928K, used 1K [0x22af0000, 0x23040000, 0x28040000)
  eden space 4416K,   0% used [0x22af0000, 0x22af0000, 0x22f40000)
  from space 512K,   0% used [0x22f40000, 0x22f40518, 0x22fc0000)
  to   space 512K,   0% used [0x22fc0000, 0x22fc0000, 0x23040000)
 tenured generation   total 10944K, used 1062K [0x28040000, 0x28af0000, 0x32af0000)
   the space 10944K,   9% used [0x28040000, 0x28149ac0, 0x28149c00, 0x28af0000)
 compacting perm gen  total 12288K, used 904K [0x32af0000, 0x336f0000, 0x36af0000)
   the space 12288K,   7% used [0x32af0000, 0x32bd2270, 0x32bd2400, 0x336f0000)
    ro space 10240K,  42% used [0x36af0000, 0x36f30348, 0x36f30400, 0x374f0000)
    rw space 12288K,  54% used [0x374f0000, 0x37b706f0, 0x37b70800, 0x380f0000)
}
Event: 4.129 GC heap before
{Heap before GC invocations=52 (full 0):
 def new generation   total 4928K, used 4417K [0x22af0000, 0x23040000, 0x28040000)
  eden space 4416K, 100% used [0x22af0000, 0x22f40000, 0x22f40000)
  from space 512K,   0% used [0x22f40000, 0x22f40518, 0x22fc0000)
  to   space 512K,   0% used [0x22fc0000, 0x22fc0000, 0x23040000)
 tenured generation   total 10944K, used 1062K [0x28040000, 0x28af0000, 0x32af0000)
   the space 10944K,   9% used [0x28040000, 0x28149ac0, 0x28149c00, 0x28af0000)
 compacting perm gen  total 12288K, used 904K [0x32af0000, 0x336f0000, 0x36af0000)
   the space 12288K,   7% used [0x32af0000, 0x32bd2270, 0x32bd2400, 0x336f0000)
    ro space 10240K,  42% used [0x36af0000, 0x36f30348, 0x36f30400, 0x374f0000)
    rw space 12288K,  54% used [0x374f0000, 0x37b706f0, 0x37b70800, 0x380f0000)
Event: 4.129 GC heap after
Heap after GC invocations=53 (full 0):
 def new generation   total 4928K, used 1K [0x22af0000, 0x23040000, 0x28040000)
  eden space 4416K,   0% used [0x22af0000, 0x22af0000, 0x22f40000)
  from space 512K,   0% used [0x22fc0000, 0x22fc0598, 0x23040000)
  to   space 512K,   0% used [0x22f40000, 0x22f40000, 0x22fc0000)
 tenured generation   total 10944K, used 1062K [0x28040000, 0x28af0000, 0x32af0000)
   the space 10944K,   9% used [0x28040000, 0x28149ac0, 0x28149c00, 0x28af0000)
 compacting perm gen  total 12288K, used 904K [0x32af0000, 0x336f0000, 0x36af0000)
   the space 12288K,   7% used [0x32af0000, 0x32bd2270, 0x32bd2400, 0x336f0000)
    ro space 10240K,  42% used [0x36af0000, 0x36f30348, 0x36f30400, 0x374f0000)
    rw space 12288K,  54% used [0x374f0000, 0x37b706f0, 0x37b70800, 0x380f0000)
}
Event: 4.190 GC heap before
{Heap before GC invocations=53 (full 0):
 def new generation   total 4928K, used 4417K [0x22af0000, 0x23040000, 0x28040000)
  eden space 4416K, 100% used [0x22af0000, 0x22f40000, 0x22f40000)
  from space 512K,   0% used [0x22fc0000, 0x22fc0598, 0x23040000)
  to   space 512K,   0% used [0x22f40000, 0x22f40000, 0x22fc0000)
 tenured generation   total 10944K, used 1062K [0x28040000, 0x28af0000, 0x32af0000)
   the space 10944K,   9% used [0x28040000, 0x28149ac0, 0x28149c00, 0x28af0000)
 compacting perm gen  total 12288K, used 904K [0x32af0000, 0x336f0000, 0x36af0000)
   the space 12288K,   7% used [0x32af0000, 0x32bd2270, 0x32bd2400, 0x336f0000)
    ro space 10240K,  42% used [0x36af0000, 0x36f30348, 0x36f30400, 0x374f0000)
    rw space 12288K,  54% used [0x374f0000, 0x37b706f0, 0x37b70800, 0x380f0000)
Event: 4.191 GC heap after
Heap after GC invocations=54 (full 0):
 def new generation   total 4928K, used 1K [0x22af0000, 0x23040000, 0x28040000)
  eden space 4416K,   0% used [0x22af0000, 0x22af0000, 0x22f40000)
  from space 512K,   0% used [0x22f40000, 0x22f40518, 0x22fc0000)
  to   space 512K,   0% used [0x22fc0000, 0x22fc0000, 0x23040000)
 tenured generation   total 10944K, used 1062K [0x28040000, 0x28af0000, 0x32af0000)
   the space 10944K,   9% used [0x28040000, 0x28149ac0, 0x28149c00, 0x28af0000)
 compacting perm gen  total 12288K, used 904K [0x32af0000, 0x336f0000, 0x36af0000)
   the space 12288K,   7% used [0x32af0000, 0x32bd2270, 0x32bd2400, 0x336f0000)
    ro space 10240K,  42% used [0x36af0000, 0x36f30348, 0x36f30400, 0x374f0000)
    rw space 12288K,  54% used [0x374f0000, 0x37b706f0, 0x37b70800, 0x380f0000)
}
Event: 4.254 GC heap before
{Heap before GC invocations=54 (full 0):
 def new generation   total 4928K, used 4417K [0x22af0000, 0x23040000, 0x28040000)
  eden space 4416K, 100% used [0x22af0000, 0x22f40000, 0x22f40000)
  from space 512K,   0% used [0x22f40000, 0x22f40518, 0x22fc0000)
  to   space 512K,   0% used [0x22fc0000, 0x22fc0000, 0x23040000)
 tenured generation   total 10944K, used 1062K [0x28040000, 0x28af0000, 0x32af0000)
   the space 10944K,   9% used [0x28040000, 0x28149ac0, 0x28149c00, 0x28af0000)
 compacting perm gen  total 12288K, used 904K [0x32af0000, 0x336f0000, 0x36af0000)
   the space 12288K,   7% used [0x32af0000, 0x32bd2270, 0x32bd2400, 0x336f0000)
    ro space 10240K,  42% used [0x36af0000, 0x36f30348, 0x36f30400, 0x374f0000)
    rw space 12288K,  54% used [0x374f0000, 0x37b706f0, 0x37b70800, 0x380f0000)
Event: 4.255 GC heap after
Heap after GC invocations=55 (full 0):
 def new generation   total 4928K, used 1K [0x22af0000, 0x23040000, 0x28040000)
  eden space 4416K,   0% used [0x22af0000, 0x22af0000, 0x22f40000)
  from space 512K,   0% used [0x22fc0000, 0x22fc0560, 0x23040000)
  to   space 512K,   0% used [0x22f40000, 0x22f40000, 0x22fc0000)
 tenured generation   total 10944K, used 1062K [0x28040000, 0x28af0000, 0x32af0000)
   the space 10944K,   9% used [0x28040000, 0x28149ac0, 0x28149c00, 0x28af0000)
 compacting perm gen  total 12288K, used 904K [0x32af0000, 0x336f0000, 0x36af0000)
   the space 12288K,   7% used [0x32af0000, 0x32bd2270, 0x32bd2400, 0x336f0000)
    ro space 10240K,  42% used [0x36af0000, 0x36f30348, 0x36f30400, 0x374f0000)
    rw space 12288K,  54% used [0x374f0000, 0x37b706f0, 0x37b70800, 0x380f0000)
}
Event: 4.315 GC heap before
{Heap before GC invocations=55 (full 0):
 def new generation   total 4928K, used 4417K [0x22af0000, 0x23040000, 0x28040000)
  eden space 4416K, 100% used [0x22af0000, 0x22f40000, 0x22f40000)
  from space 512K,   0% used [0x22fc0000, 0x22fc0560, 0x23040000)
  to   space 512K,   0% used [0x22f40000, 0x22f40000, 0x22fc0000)
 tenured generation   total 10944K, used 1062K [0x28040000, 0x28af0000, 0x32af0000)
   the space 10944K,   9% used [0x28040000, 0x28149ac0, 0x28149c00, 0x28af0000)
 compacting perm gen  total 12288K, used 904K [0x32af0000, 0x336f0000, 0x36af0000)
   the space 12288K,   7% used [0x32af0000, 0x32bd2270, 0x32bd2400, 0x336f0000)
    ro space 10240K,  42% used [0x36af0000, 0x36f30348, 0x36f30400, 0x374f0000)
    rw space 12288K,  54% used [0x374f0000, 0x37b706f0, 0x37b70800, 0x380f0000)
Event: 4.316 GC heap after
Heap after GC invocations=56 (full 0):
 def new generation   total 4928K, used 1K [0x22af0000, 0x23040000, 0x28040000)
  eden space 4416K,   0% used [0x22af0000, 0x22af0000, 0x22f40000)
  from space 512K,   0% used [0x22f40000, 0x22f40548, 0x22fc0000)
  to   space 512K,   0% used [0x22fc0000, 0x22fc0000, 0x23040000)
 tenured generation   total 10944K, used 1062K [0x28040000, 0x28af0000, 0x32af0000)
   the space 10944K,   9% used [0x28040000, 0x28149b58, 0x28149c00, 0x28af0000)
 compacting perm gen  total 12288K, used 904K [0x32af0000, 0x336f0000, 0x36af0000)
   the space 12288K,   7% used [0x32af0000, 0x32bd2270, 0x32bd2400, 0x336f0000)
    ro space 10240K,  42% used [0x36af0000, 0x36f30348, 0x36f30400, 0x374f0000)
    rw space 12288K,  54% used [0x374f0000, 0x37b706f0, 0x37b70800, 0x380f0000)
}

Deoptimization events (0 events):
No events

Internal exceptions (10 events):
Event: 0.683 Thread 0x003c8800 Threw 0x22db0100 at C:\jdk7u1_32P\jdk7u9_3984_new\hotspot\src\share\vm\prims\jvm.cpp:1166
Event: 0.685 Thread 0x003c8800 Threw 0x22db3820 at C:\jdk7u1_32P\jdk7u9_3984_new\hotspot\src\share\vm\prims\jvm.cpp:1166
Event: 0.694 Thread 0x003c8800 Threw 0x22db66e8 at C:\jdk7u1_32P\jdk7u9_3984_new\hotspot\src\share\vm\prims\jvm.cpp:1166
Event: 0.696 Thread 0x003c8800 Threw 0x22dbc0d8 at C:\jdk7u1_32P\jdk7u9_3984_new\hotspot\src\share\vm\prims\jvm.cpp:1166
Event: 0.697 Thread 0x003c8800 Threw 0x22dc5348 at C:\jdk7u1_32P\jdk7u9_3984_new\hotspot\src\share\vm\prims\jvm.cpp:1166
Event: 0.698 Thread 0x003c8800 Threw 0x22dc7f50 at C:\jdk7u1_32P\jdk7u9_3984_new\hotspot\src\share\vm\prims\jvm.cpp:1166
Event: 0.699 Thread 0x003c8800 Threw 0x22dcdfb8 at C:\jdk7u1_32P\jdk7u9_3984_new\hotspot\src\share\vm\prims\jvm.cpp:1166
Event: 0.726 Thread 0x003c8800 Threw 0x22eb13d8 at C:\jdk7u1_32P\jdk7u9_3984_new\hotspot\src\share\vm\prims\jvm.cpp:1166
Event: 0.727 Thread 0x003c8800 Threw 0x22eb7db8 at C:\jdk7u1_32P\jdk7u9_3984_new\hotspot\src\share\vm\prims\jvm.cpp:1166
Event: 4.347 Thread 0x003c8800 Threw 0x22ce4f90 at C:\jdk7u1_32P\jdk7u9_3984_new\hotspot\src\share\vm\prims\jvm.cpp:1166

Events (10 events):
Event: 4.190 Executing VM operation: GenCollectForAllocation
Event: 4.191 Executing VM operation: GenCollectForAllocation done
Event: 4.254 Executing VM operation: GenCollectForAllocation
Event: 4.255 Executing VM operation: GenCollectForAllocation done
Event: 4.315 Executing VM operation: GenCollectForAllocation
Event: 4.316 Executing VM operation: GenCollectForAllocation done
Event: 4.347 loading class 0x02ef5b60
Event: 4.347 loading class 0x02ef5b60 done
Event: 5.112 Executing VM operation: EnableBiasedLocking
Event: 5.112 Executing VM operation: EnableBiasedLocking done


Dynamic libraries:
0x00400000 - 0x0042f000 	F:\Program Files\Java\jre7\bin\javaw.exe
0x7c900000 - 0x7c9b2000 	F:\WINDOWS\system32\ntdll.dll
0x7c800000 - 0x7c8f6000 	F:\WINDOWS\system32\kernel32.dll
0x77dd0000 - 0x77e6b000 	F:\WINDOWS\system32\ADVAPI32.dll
0x77e70000 - 0x77f03000 	F:\WINDOWS\system32\RPCRT4.dll
0x77fe0000 - 0x77ff1000 	F:\WINDOWS\system32\Secur32.dll
0x7e410000 - 0x7e4a1000 	F:\WINDOWS\system32\USER32.dll
0x77f10000 - 0x77f59000 	F:\WINDOWS\system32\GDI32.dll
0x773d0000 - 0x774d3000 	F:\WINDOWS\WinSxS\x86_Microsoft.Windows.Common-Controls_6595b64144ccf1df_6.0.2600.6028_x-ww_61e65202\COMCTL32.dll
0x77c10000 - 0x77c68000 	F:\WINDOWS\system32\msvcrt.dll
0x77f60000 - 0x77fd6000 	F:\WINDOWS\system32\SHLWAPI.dll
0x76390000 - 0x763ad000 	F:\WINDOWS\system32\IMM32.DLL
0x78aa0000 - 0x78b5e000 	F:\Program Files\Java\jre7\bin\msvcr100.dll
0x6e750000 - 0x6ea9d000 	F:\Program Files\Java\jre7\bin\client\jvm.dll
0x71ad0000 - 0x71ad9000 	F:\WINDOWS\system32\WSOCK32.dll
0x71ab0000 - 0x71ac7000 	F:\WINDOWS\system32\WS2_32.dll
0x71aa0000 - 0x71aa8000 	F:\WINDOWS\system32\WS2HELP.dll
0x76b40000 - 0x76b6d000 	F:\WINDOWS\system32\WINMM.dll
0x76bf0000 - 0x76bfb000 	F:\WINDOWS\system32\PSAPI.DLL
0x6e6a0000 - 0x6e6ac000 	F:\Program Files\Java\jre7\bin\verify.dll
0x6d480000 - 0x6d4a0000 	F:\Program Files\Java\jre7\bin\java.dll
0x6e730000 - 0x6e743000 	F:\Program Files\Java\jre7\bin\zip.dll
0x10000000 - 0x1004c000 	F:\Documents and Settings\Cameron\My Documents\Java\lwjgl\lwjgl-2.8.5\native\windows\lwjgl.dll
0x5ed00000 - 0x5edcc000 	F:\WINDOWS\system32\OPENGL32.dll
0x68b20000 - 0x68b40000 	F:\WINDOWS\system32\GLU32.dll
0x73760000 - 0x737ab000 	F:\WINDOWS\system32\DDRAW.dll
0x73bc0000 - 0x73bc6000 	F:\WINDOWS\system32\DCIMAN32.dll
0x77c00000 - 0x77c08000 	F:\WINDOWS\system32\VERSION.dll
0x5ad70000 - 0x5ada8000 	F:\WINDOWS\system32\uxtheme.dll
0x74720000 - 0x7476c000 	F:\WINDOWS\system32\MSCTF.dll
0x755c0000 - 0x755ee000 	F:\WINDOWS\system32\msctfime.ime
0x774e0000 - 0x7761e000 	F:\WINDOWS\system32\ole32.dll
0x0afb0000 - 0x0b1e8000 	F:\WINDOWS\system32\iglicd32.dll
0x0b290000 - 0x0b312000 	F:\WINDOWS\system32\igldev32.dll
0x73b30000 - 0x73b45000 	F:\WINDOWS\system32\mscms.dll
0x73000000 - 0x73026000 	F:\WINDOWS\system32\WINSPOOL.DRV
0x66e90000 - 0x66ed1000 	F:\WINDOWS\system32\icm32.dll
0x77120000 - 0x771ab000 	F:\WINDOWS\system32\OLEAUT32.DLL
0x59a60000 - 0x59b01000 	F:\WINDOWS\system32\dbghelp.dll

VM Arguments:
jvm_args: -Djava.library.path=F:\Documents and Settings\Cameron\My Documents\Java\lwjgl\lwjgl-2.8.5\native\windows;F:\Documents and Settings\Cameron\My Documents\Java\lwjgl\lwjgl-2.8.5\native\windows -Dfile.encoding=Cp1252 
java_command: Game
Launcher Type: SUN_STANDARD

Environment Variables:
PATH=F:/Program Files/Java/jre7/bin/client;F:/Program Files/Java/jre7/bin;F:/Program Files/Java/jre7/lib/i386;F:\Program Files\ImageMagick-6.7.7-Q16;F:\WINDOWS\system32;F:\WINDOWS;F:\WINDOWS\System32\Wbem;F:\Program Files\Java\jdk1.7.0_05\bin;F:\Program Files\MiKTeX 2.9\miktex\bin\;F:\Program Files\Python27;F:\Documents and Settings\Cameron;
USERNAME=Cameron
OS=Windows_NT
PROCESSOR_IDENTIFIER=x86 Family 15 Model 2 Stepping 9, GenuineIntel



---------------  S Y S T E M  ---------------

OS: Windows XP Build 2600 Service Pack 3

CPU:total 2 (1 cores per cpu, 2 threads per core) family 15 model 2 stepping 9, cmov, cx8, fxsr, mmx, sse, sse2, ht, tsc

Memory: 4k page, physical 2079464k(994400k free), swap 4021664k(2990188k free)

vm_info: Java HotSpot(TM) Client VM (23.5-b02) for windows-x86 JRE (1.7.0_09-b05), built on Sep 24 2012 22:01:33 by "java_re" with unknown MS VC++:1600

time: Thu Dec 13 21:05:10 2012
elapsed time: 5 seconds

